<?xml version="1.0" encoding="UTF-8"?>
<testsuite name="Adjuntar un Archivo" tests="1" skipped="0" failures="1" errors="0" timestamp="2021-12-28T22:24:18" hostname="22LAP5CD1346NKF" time="9.709">
  <properties/>
  <testcase name="Cargar cualquier archivo adjunto" classname="Adjuntar un Archivo" time="9.709">
    <failure message="org.junit.ComparisonFailure: expected:&lt;...as now been uploaded[]!&gt; but was:&lt;...as now been uploaded[dddd]!&gt;" type="org.junit.ComparisonFailure">org.junit.ComparisonFailure: expected:&lt;...as now been uploaded[]!&gt; but was:&lt;...as now been uploaded[dddd]!&gt;
	at org.junit.Assert.assertEquals(Assert.java:117)
	at com.indra.actions.FileUploadActions.BtnEnviarAchivos(FileUploadActions.java:18)
	at com.indra.steps_definitions.FileUploadStep.elsistemacargaunarchivo(FileUploadStep.java:23)
	at ✽.el sistema carga un archivo(src/test/resources/features/subir_archivo/fileUpload.feature:10)
</failure>
  </testcase>
  <system-out><![CDATA[17:24:19.429 [Test worker] INFO net.serenitybdd.core.webdriver.driverproviders.ProvideNewDriver - Instantiating driver
17:24:19.429 [Test worker] INFO net.serenitybdd.core.webdriver.driverproviders.ProvideNewDriver - Driver capabilities: Capabilities {acceptInsecureCerts: false, acceptSslCerts: true, browserName: chrome, goog:chromeOptions: {args: [], extensions: []}, incognito: true, loggingPrefs: org.openqa.selenium.logging..., platform: ANY, version: }
17:24:25.341 [Test worker] DEBUG net.serenitybdd.core.photography.Darkroom - Opening darkroom
17:24:25.342 [Darkroom Processing Line] DEBUG net.serenitybdd.core.photography.DarkroomProcessingLine - Darkroom processing line starting up
17:24:25.514 [Test worker] DEBUG net.serenitybdd.core.photography.Darkroom - Send negative for processing for C:\EJERCICIOS_BOOTCAMP\Retos\Project_WebdriverUniversity_SubirArchivo\target\site\serenity\f99837f262a13ea25dee780fc0db499fb80a0ce100cf1ebdf55e761925c1ce79.png
17:24:28.040 [Test worker] ERROR net.thucydides.core.steps.ConsoleLoggingListener - ?[91m
           __  _____ _____ ____ _____   _____ _    ___ _     _____ ____  
  _       / / |_   _| ____/ ___|_   _| |  ___/ \  |_ _| |   | ____|  _ \ 
 (_)_____| |    | | |  _| \___ \ | |   | |_ / _ \  | || |   |  _| | | | |
  _|_____| |    | | | |___ ___) || |   |  _/ ___ \ | || |___| |___| |_| |
 (_)     | |    |_| |_____|____/ |_|   |_|/_/   \_\___|_____|_____|____/ 
          \_\                                                            

TEST FAILED: Cargar cualquier archivo adjunto
--------------------------------------------------------------------------?[0m
17:24:28.045 [Test worker] DEBUG net.thucydides.core.steps.ConsoleLoggingListener - RELATED ISSUES: 
17:24:28.141 [Test worker] ERROR net.thucydides.core.steps.ConsoleLoggingListener - ?[91mTEST FAILED AT STEP When el sistema carga un archivo?[0m
17:24:28.141 [Test worker] ERROR net.thucydides.core.steps.ConsoleLoggingListener - expected:<...as now been uploaded[]!> but was:<...as now been uploaded[dddd]!>
]]></system-out>
  <system-err><![CDATA[dic 28, 2021 5:24:18 PM org.openqa.selenium.remote.DesiredCapabilities chrome
INFORMACIÓN: Using `new ChromeOptions()` is preferred to `DesiredCapabilities.chrome()`
Starting ChromeDriver 96.0.4664.45 (76e4c1bb2ab4671b8beba3444e61c0f17584b2fc-refs/branch-heads/4664@{#947}) on port 36108
Only local connections are allowed.
Please see https://chromedriver.chromium.org/security-considerations for suggestions on keeping ChromeDriver safe.
ChromeDriver was started successfully.
dic 28, 2021 5:24:23 PM org.openqa.selenium.remote.ProtocolHandshake createSession
INFORMACIÓN: Detected dialect: W3C
]]></system-err>
</testsuite>
